#
# A fatal error has been detected by the Java Runtime Environment:
#
#  EXCEPTION_ACCESS_VIOLATION (0xc0000005) at pc=0x00007ff8b3e21613, pid=3324, tid=10496
#
# JRE version: OpenJDK Runtime Environment (15.0.1+9) (build 15.0.1+9-18)
# Java VM: OpenJDK 64-Bit Server VM (15.0.1+9-18, mixed mode, sharing, tiered, compressed oops, g1 gc, windows-amd64)
# Problematic frame:
# V  [jvm.dll+0x351613]
#
# No core dump will be written. Minidumps are not enabled by default on client versions of Windows
#
# If you would like to submit a bug report, please visit:
#   https://bugreport.java.com/bugreport/crash.jsp
#

---------------  S U M M A R Y ------------

Command Line: -Dfile.encoding=UTF-8 C:\tmp\surefire9499634836687101881\surefirebooter6637421862115386368.jar C:\tmp\surefire9499634836687101881 2020-11-24T19-08-11_256-jvmRun1 surefire2430934652041366142tmp surefire_06568497504537293020tmp

Host: Intel(R) Pentium(R) CPU 2020M @ 2.40GHz, 2 cores, 7G,  Windows 10 , 64 bit Build 17763 (10.0.17763.475)
Time: Tue Nov 24 19:08:13 2020 Aaea?onu (ceia) elapsed time: 0.469355 seconds (0d 0h 0m 0s)

---------------  T H R E A D  ---------------

Current thread (0x000001fefd50f790):  JavaThread "surefire-forkedjvm-ping-30s" daemon [_thread_in_vm, id=10496, stack(0x0000003dfd100000,0x0000003dfd200000)]

Stack: [0x0000003dfd100000,0x0000003dfd200000],  sp=0x0000003dfd1fd840,  free space=1014k
Native frames: (J=compiled Java code, j=interpreted, Vv=VM code, C=native code)
V  [jvm.dll+0x351613]
V  [jvm.dll+0x62adc2]
V  [jvm.dll+0x3512de]
V  [jvm.dll+0x33a5d7]
V  [jvm.dll+0x33a038]
V  [jvm.dll+0x523365]
V  [jvm.dll+0x52256d]
V  [jvm.dll+0x34d760]
