#
# There is insufficient memory for the Java Runtime Environment to continue.
# Native memory allocation (malloc) failed to allocate 1127696 bytes for Chunk::new
# Possible reasons:
#   The system is out of physical RAM or swap space
#   The process is running with CompressedOops enabled, and the Java Heap may be blocking the growth of the native heap
# Possible solutions:
#   Reduce memory load on the system
#   Increase physical memory or swap space
#   Check if swap backing store is full
#   Decrease Java heap size (-Xmx/-Xms)
#   Decrease number of Java threads
#   Decrease Java thread stack sizes (-Xss)
#   Set larger code cache with -XX:ReservedCodeCacheSize=
#   JVM is running with Unscaled Compressed Oops mode in which the Java heap is
#     placed in the first 4GB address space. The Java Heap base address is the
#     maximum limit for the native heap growth. Please use -XX:HeapBaseMinAddress
#     to set the Java Heap base and to place the Java Heap above 4GB virtual address.
# This output file may be truncated or incomplete.
#
#  Out of Memory Error (./open/src/hotspot/share/memory/arena.cpp:195), pid=7536, tid=9660
#
# JRE version: OpenJDK Runtime Environment (15.0.1+9) (build 15.0.1+9-18)
# Java VM: OpenJDK 64-Bit Server VM (15.0.1+9-18, mixed mode, sharing, tiered, compressed oops, g1 gc, windows-amd64)
# No core dump will be written. Minidumps are not enabled by default on client versions of Windows
#

---------------  S U M M A R Y ------------

Command Line: -Dmaven.multiModuleProjectDirectory=D:\java\InternShip\topjava -Dmaven.home=C:\Program Files\JetBrains\IntelliJ IDEA 2020.2.3\plugins\maven\lib\maven3 -Dclassworlds.conf=C:\Program Files\JetBrains\IntelliJ IDEA 2020.2.3\plugins\maven\lib\maven3\bin\m2.conf -Dmaven.ext.class.path=C:\Program Files\JetBrains\IntelliJ IDEA 2020.2.3\plugins\maven\lib\maven-event-listener.jar -javaagent:C:\Program Files\JetBrains\IntelliJ IDEA 2020.2.3\lib\idea_rt.jar=57988:C:\Program Files\JetBrains\IntelliJ IDEA 2020.2.3\bin -Dfile.encoding=UTF-8 org.codehaus.classworlds.Launcher -Didea.version=2020.2.3 test -P postgres

Host: Intel(R) Pentium(R) CPU 2020M @ 2.40GHz, 2 cores, 7G,  Windows 10 , 64 bit Build 17763 (10.0.17763.475)
Time: Tue Nov 24 19:07:54 2020 Aaea?onu (ceia) elapsed time: 4.609121 seconds (0d 0h 0m 4s)

---------------  T H R E A D  ---------------

Current thread (0x000001dcf9f79ad0):  JavaThread "C2 CompilerThread0" daemon [_thread_in_native, id=9660, stack(0x000000db23800000,0x000000db23900000)]


Current CompileTask:
C2:   4609 2969       4       org.codehaus.plexus.util.xml.Xpp3Dom::<init> (125 bytes)

Stack: [0x000000db23800000,0x000000db23900000]
Native frames: (J=compiled Java code, j=interpreted, Vv=VM code, C=native code)
V  [jvm.dll+0x62ae9a]
V  [jvm.dll+0x781389]
V  [jvm.dll+0x782ae3]
V  [jvm.dll+0x783143]
V  [jvm.dll+0x216265]
V  [jvm.dll+0x97efa]
V  [jvm.dll+0x985dc]
V  [jvm.dll+0x32e4c8]
V  [jvm.dll+0x2f78aa]
V  [jvm.dll+0x2f6c6a]
V  [jvm.dll+0x1ea645]
V  [jvm.dll+0x1e98ae]
V  [jvm.dll+0x1784c7]
V  [jvm.dll+0x1f9165]
V  [jvm.dll+0x1f720c]
V  [jvm.dll+0x74485d]
V  [jvm.dll+0x73d65a]
V  [jvm.dll+0x629c56]
C  [ucrtbase.dll+0x21ffa]
C  [KERNEL32.DLL+0x17974]
C  [ntdll.dll+0x6a271]


---------------  P R O C E S S  ---------------

Threads class SMR info:
_java_thread_list=0x000001dcfaa1a550, length=12, elements={
0x000001dceb2d8760, 0x000001dcf9f55950, 0x000001dcf9f56ef0, 0x000001dcf9f735c0,
0x000001dcf9f75e90, 0x000001dcf9f77310, 0x000001dcf9f79ad0, 0x000001dcf9f7e540,
0x000001dcf9f94db0, 0x000001dcf9f3abb0, 0x000001dcfa9a2a00, 0x000001dcfaa29f50
}

Java Threads: ( => current thread )
  0x000001dceb2d8760 JavaThread "main" [_thread_in_native, id=12740, stack(0x000000db22c00000,0x000000db22d00000)]
  0x000001dcf9f55950 JavaThread "Reference Handler" daemon [_thread_blocked, id=10784, stack(0x000000db23300000,0x000000db23400000)]
  0x000001dcf9f56ef0 JavaThread "Finalizer" daemon [_thread_blocked, id=7852, stack(0x000000db23400000,0x000000db23500000)]
  0x000001dcf9f735c0 JavaThread "Signal Dispatcher" daemon [_thread_blocked, id=7776, stack(0x000000db23500000,0x000000db23600000)]
  0x000001dcf9f75e90 JavaThread "Attach Listener" daemon [_thread_blocked, id=12792, stack(0x000000db23600000,0x000000db23700000)]
  0x000001dcf9f77310 JavaThread "Service Thread" daemon [_thread_blocked, id=7332, stack(0x000000db23700000,0x000000db23800000)]
=>0x000001dcf9f79ad0 JavaThread "C2 CompilerThread0" daemon [_thread_in_native, id=9660, stack(0x000000db23800000,0x000000db23900000)]
  0x000001dcf9f7e540 JavaThread "C1 CompilerThread0" daemon [_thread_blocked, id=4740, stack(0x000000db23900000,0x000000db23a00000)]
  0x000001dcf9f94db0 JavaThread "Sweeper thread" daemon [_thread_blocked, id=12496, stack(0x000000db23a00000,0x000000db23b00000)]
  0x000001dcf9f3abb0 JavaThread "Common-Cleaner" daemon [_thread_blocked, id=12028, stack(0x000000db23b00000,0x000000db23c00000)]
  0x000001dcfa9a2a00 JavaThread "Monitor Ctrl-Break" daemon [_thread_in_native, id=1168, stack(0x000000db23c00000,0x000000db23d00000)]
  0x000001dcfaa29f50 JavaThread "Notification Thread" daemon [_thread_blocked, id=9528, stack(0x000000db23d00000,0x000000db23e00000)]

Other Threads:
  0x000001dcf9f54710 VMThread "VM Thread" [stack: 0x000000db23200000,0x000000db23300000] [id=4104]
  0x000001dceb2d9540 WatcherThread [stack: 0x000000db23e00000,0x000000db23f00000] [id=11016]
  0x000001dceb314740 GCTaskThread "GC Thread#0" [stack: 0x000000db22d00000,0x000000db22e00000] [id=7952]
  0x000001dcfad3f1b0 GCTaskThread "GC Thread#1" [stack: 0x000000db23f00000,0x000000db24000000] [id=10716]
  0x000001dceb326230 ConcurrentGCThread "G1 Main Marker" [stack: 0x000000db22e00000,0x000000db22f00000] [id=9300]
  0x000001dceb3277f0 ConcurrentGCThread "G1 Conc#0" [stack: 0x000000db22f00000,0x000000db23000000] [id=12676]
  0x000001dceb395390 ConcurrentGCThread "G1 Refine#0" [stack: 0x000000db23000000,0x000000db23100000] [id=11616]
  0x000001dceb395da0 ConcurrentGCThread "G1 Young RemSet Sampling" [stack: 0x000000db23100000,0x000000db23200000] [id=13044]

Threads with active compile tasks:
C2 CompilerThread0     4656 2969       4       org.codehaus.plexus.util.xml.Xpp3Dom::<init> (125 bytes)

VM state: not at safepoint (normal execution)

VM Mutex/Monitor currently owned by a thread: None

Heap address: 0x0000000082400000, size: 2012 MB, Compressed Oops mode: 32-bit
CDS archive(s) mapped at: [0x0000000800000000-0x0000000800b50000-0x0000000800b50000), size 11862016, SharedBaseAddress: 0x0000000800000000, ArchiveRelocationMode: 0.
Compressed class space mapped at: 0x0000000800b50000-0x0000000840b50000, size: 1073741824
Narrow klass base: 0x0000000800000000, Narrow klass shift: 3, Narrow klass range: 0x100000000

GC Precious Log:
 CPUs: 2 total, 2 available
 Memory: 8047M
 Large Page Support: Disabled
 NUMA Support: Disabled
 Compressed Oops: Enabled (32-bit)
 Heap Region Size: 1M
 Heap Min Capacity: 8M
 Heap Initial Capacity: 126M
 Heap Max Capacity: 2012M
 Pre-touch: Disabled
 Parallel Workers: 2
 Concurrent Workers: 1
 Concurrent Refinement Workers: 2
 Periodic GC: Disabled

Heap:
 garbage-first heap   total 129024K, used 16729K [0x0000000082400000, 0x0000000100000000)
  region size 1024K, 15 young (15360K), 5 survivors (5120K)
 Metaspace       used 14068K, capacity 14726K, committed 14848K, reserved 1062912K
  class space    used 1553K, capacity 1694K, committed 1792K, reserved 1048576K

Heap Regions: E=young(eden), S=young(survivor), O=old, HS=humongous(starts), HC=humongous(continues), CS=collection set, F=free, OA=open archive, CA=closed archive, TAMS=top-at-mark-start (previous, next)
|   0|0x0000000082400000, 0x0000000082500000, 0x0000000082500000|100%| O|  |TAMS 0x0000000082400000, 0x0000000082400000| Untracked 
|   1|0x0000000082500000, 0x0000000082600000, 0x0000000082600000|100%| O|  |TAMS 0x0000000082500000, 0x0000000082500000| Untracked 
|   2|0x0000000082600000, 0x000000008266ac00, 0x0000000082700000| 41%| O|  |TAMS 0x0000000082600000, 0x0000000082600000| Untracked 
|   3|0x0000000082700000, 0x0000000082700000, 0x0000000082800000|  0%| F|  |TAMS 0x0000000082700000, 0x0000000082700000| Untracked 
|   4|0x0000000082800000, 0x0000000082800000, 0x0000000082900000|  0%| F|  |TAMS 0x0000000082800000, 0x0000000082800000| Untracked 
|   5|0x0000000082900000, 0x0000000082900000, 0x0000000082a00000|  0%| F|  |TAMS 0x0000000082900000, 0x0000000082900000| Untracked 
|   6|0x0000000082a00000, 0x0000000082a00000, 0x0000000082b00000|  0%| F|  |TAMS 0x0000000082a00000, 0x0000000082a00000| Untracked 
|   7|0x0000000082b00000, 0x0000000082b00000, 0x0000000082c00000|  0%| F|  |TAMS 0x0000000082b00000, 0x0000000082b00000| Untracked 
|   8|0x0000000082c00000, 0x0000000082c00000, 0x0000000082d00000|  0%| F|  |TAMS 0x0000000082c00000, 0x0000000082c00000| Untracked 
|   9|0x0000000082d00000, 0x0000000082d00000, 0x0000000082e00000|  0%| F|  |TAMS 0x0000000082d00000, 0x0000000082d00000| Untracked 
|  10|0x0000000082e00000, 0x0000000082e00000, 0x0000000082f00000|  0%| F|  |TAMS 0x0000000082e00000, 0x0000000082e00000| Untracked 
|  11|0x0000000082f00000, 0x0000000082f00000, 0x0000000083000000|  0%| F|  |TAMS 0x0000000082f00000, 0x0000000082f00000| Untracked 
|  12|0x0000000083000000, 0x0000000083000000, 0x0000000083100000|  0%| F|  |TAMS 0x0000000083000000, 0x0000000083000000| Untracked 
|  13|0x0000000083100000, 0x0000000083100000, 0x0000000083200000|  0%| F|  |TAMS 0x0000000083100000, 0x0000000083100000| Untracked 
|  14|0x0000000083200000, 0x0000000083200000, 0x0000000083300000|  0%| F|  |TAMS 0x0000000083200000, 0x0000000083200000| Untracked 
|  15|0x0000000083300000, 0x0000000083300000, 0x0000000083400000|  0%| F|  |TAMS 0x0000000083300000, 0x0000000083300000| Untracked 
|  16|0x0000000083400000, 0x0000000083400000, 0x0000000083500000|  0%| F|  |TAMS 0x0000000083400000, 0x0000000083400000| Untracked 
|  17|0x0000000083500000, 0x0000000083500000, 0x0000000083600000|  0%| F|  |TAMS 0x0000000083500000, 0x0000000083500000| Untracked 
|  18|0x0000000083600000, 0x0000000083600000, 0x0000000083700000|  0%| F|  |TAMS 0x0000000083600000, 0x0000000083600000| Untracked 
|  19|0x0000000083700000, 0x0000000083700000, 0x0000000083800000|  0%| F|  |TAMS 0x0000000083700000, 0x0000000083700000| Untracked 
|  20|0x0000000083800000, 0x0000000083800000, 0x0000000083900000|  0%| F|  |TAMS 0x0000000083800000, 0x0000000083800000| Untracked 
|  21|0x0000000083900000, 0x0000000083900000, 0x0000000083a00000|  0%| F|  |TAMS 0x0000000083900000, 0x0000000083900000| Untracked 
|  22|0x0000000083a00000, 0x0000000083a00000, 0x0000000083b00000|  0%| F|  |TAMS 0x0000000083a00000, 0x0000000083a00000| Untracked 
|  23|0x0000000083b00000, 0x0000000083b00000, 0x0000000083c00000|  0%| F|  |TAMS 0x0000000083b00000, 0x0000000083b00000| Untracked 
|  24|0x0000000083c00000, 0x0000000083c00000, 0x0000000083d00000|  0%| F|  |TAMS 0x0000000083c00000, 0x0000000083c00000| Untracked 
|  25|0x0000000083d00000, 0x0000000083d00000, 0x0000000083e00000|  0%| F|  |TAMS 0x0000000083d00000, 0x0000000083d00000| Untracked 
|  26|0x0000000083e00000, 0x0000000083e00000, 0x0000000083f00000|  0%| F|  |TAMS 0x0000000083e00000, 0x0000000083e00000| Untracked 
|  27|0x0000000083f00000, 0x0000000083f00000, 0x0000000084000000|  0%| F|  |TAMS 0x0000000083f00000, 0x0000000083f00000| Untracked 
|  28|0x0000000084000000, 0x0000000084000000, 0x0000000084100000|  0%| F|  |TAMS 0x0000000084000000, 0x0000000084000000| Untracked 
|  29|0x0000000084100000, 0x0000000084100000, 0x0000000084200000|  0%| F|  |TAMS 0x0000000084100000, 0x0000000084100000| Untracked 
|  30|0x0000000084200000, 0x0000000084200000, 0x0000000084300000|  0%| F|  |TAMS 0x0000000084200000, 0x0000000084200000| Untracked 
|  31|0x0000000084300000, 0x0000000084300000, 0x0000000084400000|  0%| F|  |TAMS 0x0000000084300000, 0x0000000084300000| Untracked 
|  32|0x0000000084400000, 0x0000000084400000, 0x0000000084500000|  0%| F|  |TAMS 0x0000000084400000, 0x0000000084400000| Untracked 
|  33|0x0000000084500000, 0x0000000084500000, 0x0000000084600000|  0%| F|  |TAMS 0x0000000084500000, 0x0000000084500000| Untracked 
|  34|0x0000000084600000, 0x0000000084600000, 0x0000000084700000|  0%| F|  |TAMS 0x0000000084600000, 0x0000000084600000| Untracked 
|  35|0x0000000084700000, 0x0000000084700000, 0x0000000084800000|  0%| F|  |TAMS 0x0000000084700000, 0x0000000084700000| Untracked 
|  36|0x0000000084800000, 0x0000000084800000, 0x0000000084900000|  0%| F|  |TAMS 0x0000000084800000, 0x0000000084800000| Untracked 
|  37|0x0000000084900000, 0x0000000084900000, 0x0000000084a00000|  0%| F|  |TAMS 0x0000000084900000, 0x0000000084900000| Untracked 
|  38|0x0000000084a00000, 0x0000000084a00000, 0x0000000084b00000|  0%| F|  |TAMS 0x0000000084a00000, 0x0000000084a00000| Untracked 
|  39|0x0000000084b00000, 0x0000000084b00000, 0x0000000084c00000|  0%| F|  |TAMS 0x0000000084b00000, 0x0000000084b00000| Untracked 
|  40|0x0000000084c00000, 0x0000000084c00000, 0x0000000084d00000|  0%| F|  |TAMS 0x0000000084c00000, 0x0000000084c00000| Untracked 
|  41|0x0000000084d00000, 0x0000000084d00000, 0x0000000084e00000|  0%| F|  |TAMS 0x0000000084d00000, 0x0000000084d00000| Untracked 
|  42|0x0000000084e00000, 0x0000000084e00000, 0x0000000084f00000|  0%| F|  |TAMS 0x0000000084e00000, 0x0000000084e00000| Untracked 
|  43|0x0000000084f00000, 0x0000000084f00000, 0x0000000085000000|  0%| F|  |TAMS 0x0000000084f00000, 0x0000000084f00000| Untracked 
|  44|0x0000000085000000, 0x0000000085000000, 0x0000000085100000|  0%| F|  |TAMS 0x0000000085000000, 0x0000000085000000| Untracked 
|  45|0x0000000085100000, 0x0000000085100000, 0x0000000085200000|  0%| F|  |TAMS 0x0000000085100000, 0x0000000085100000| Untracked 
|  46|0x0000000085200000, 0x0000000085200000, 0x0000000085300000|  0%| F|  |TAMS 0x0000000085200000, 0x0000000085200000| Untracked 
|  47|0x0000000085300000, 0x0000000085300000, 0x0000000085400000|  0%| F|  |TAMS 0x0000000085300000, 0x0000000085300000| Untracked 
|  48|0x0000000085400000, 0x0000000085400000, 0x0000000085500000|  0%| F|  |TAMS 0x0000000085400000, 0x0000000085400000| Untracked 
|  49|0x0000000085500000, 0x0000000085500000, 0x0000000085600000|  0%| F|  |TAMS 0x0000000085500000, 0x0000000085500000| Untracked 
|  50|0x0000000085600000, 0x0000000085600000, 0x0000000085700000|  0%| F|  |TAMS 0x0000000085600000, 0x0000000085600000| Untracked 
|  51|0x0000000085700000, 0x0000000085700000, 0x0000000085800000|  0%| F|  |TAMS 0x0000000085700000, 0x0000000085700000| Untracked 
|  52|0x0000000085800000, 0x0000000085800000, 0x0000000085900000|  0%| F|  |TAMS 0x0000000085800000, 0x0000000085800000| Untracked 
|  53|0x0000000085900000, 0x0000000085900000, 0x0000000085a00000|  0%| F|  |TAMS 0x0000000085900000, 0x0000000085900000| Untracked 
|  54|0x0000000085a00000, 0x0000000085a00000, 0x0000000085b00000|  0%| F|  |TAMS 0x0000000085a00000, 0x0000000085a00000| Untracked 
|  55|0x0000000085b00000, 0x0000000085b00000, 0x0000000085c00000|  0%| F|  |TAMS 0x0000000085b00000, 0x0000000085b00000| Untracked 
|  56|0x0000000085c00000, 0x0000000085c00000, 0x0000000085d00000|  0%| F|  |TAMS 0x0000000085c00000, 0x0000000085c00000| Untracked 
|  57|0x0000000085d00000, 0x0000000085d00000, 0x0000000085e00000|  0%| F|  |TAMS 0x0000000085d00000, 0x0000000085d00000| Untracked 
|  58|0x0000000085e00000, 0x0000000085e00000, 0x0000000085f00000|  0%| F|  |TAMS 0x0000000085e00000, 0x0000000085e00000| Untracked 
|  59|0x0000000085f00000, 0x0000000085f00000, 0x0000000086000000|  0%| F|  |TAMS 0x0000000085f00000, 0x0000000085f00000| Untracked 
|  60|0x0000000086000000, 0x0000000086000000, 0x0000000086100000|  0%| F|  |TAMS 0x0000000086000000, 0x0000000086000000| Untracked 
|  61|0x0000000086100000, 0x0000000086100000, 0x0000000086200000|  0%| F|  |TAMS 0x0000000086100000, 0x0000000086100000| Untracked 
|  62|0x0000000086200000, 0x00000000862ebb08, 0x0000000086300000| 92%| S|CS|TAMS 0x0000000086200000, 0x0000000086200000| Complete 
|  63|0x0000000086300000, 0x0000000086400000, 0x0000000086400000|100%| S|CS|TAMS 0x0000000086300000, 0x0000000086300000| Complete 
|  64|0x0000000086400000, 0x0000000086500000, 0x0000000086500000|100%| S|CS|TAMS 0x0000000086400000, 0x0000000086400000| Complete 
|  65|0x0000000086500000, 0x0000000086600000, 0x0000000086600000|100%| S|CS|TAMS 0x0000000086500000, 0x0000000086500000| Complete 
|  66|0x0000000086600000, 0x0000000086700000, 0x0000000086700000|100%| S|CS|TAMS 0x0000000086600000, 0x0000000086600000| Complete 
|  67|0x0000000086700000, 0x0000000086700000, 0x0000000086800000|  0%| F|  |TAMS 0x0000000086700000, 0x0000000086700000| Untracked 
|  68|0x0000000086800000, 0x0000000086800000, 0x0000000086900000|  0%| F|  |TAMS 0x0000000086800000, 0x0000000086800000| Untracked 
|  69|0x0000000086900000, 0x0000000086900000, 0x0000000086a00000|  0%| F|  |TAMS 0x0000000086900000, 0x0000000086900000| Untracked 
|  70|0x0000000086a00000, 0x0000000086a00000, 0x0000000086b00000|  0%| F|  |TAMS 0x0000000086a00000, 0x0000000086a00000| Untracked 
|  71|0x0000000086b00000, 0x0000000086b00000, 0x0000000086c00000|  0%| F|  |TAMS 0x0000000086b00000, 0x0000000086b00000| Untracked 
|  72|0x0000000086c00000, 0x0000000086c00000, 0x0000000086d00000|  0%| F|  |TAMS 0x0000000086c00000, 0x0000000086c00000| Untracked 
|  73|0x0000000086d00000, 0x0000000086d00000, 0x0000000086e00000|  0%| F|  |TAMS 0x0000000086d00000, 0x0000000086d00000| Untracked 
|  74|0x0000000086e00000, 0x0000000086e00000, 0x0000000086f00000|  0%| F|  |TAMS 0x0000000086e00000, 0x0000000086e00000| Untracked 
|  75|0x0000000086f00000, 0x0000000086f00000, 0x0000000087000000|  0%| F|  |TAMS 0x0000000086f00000, 0x0000000086f00000| Untracked 
|  76|0x0000000087000000, 0x0000000087000000, 0x0000000087100000|  0%| F|  |TAMS 0x0000000087000000, 0x0000000087000000| Untracked 
|  77|0x0000000087100000, 0x0000000087100000, 0x0000000087200000|  0%| F|  |TAMS 0x0000000087100000, 0x0000000087100000| Untracked 
|  78|0x0000000087200000, 0x0000000087200000, 0x0000000087300000|  0%| F|  |TAMS 0x0000000087200000, 0x0000000087200000| Untracked 
|  79|0x0000000087300000, 0x0000000087300000, 0x0000000087400000|  0%| F|  |TAMS 0x0000000087300000, 0x0000000087300000| Untracked 
|  80|0x0000000087400000, 0x0000000087400000, 0x0000000087500000|  0%| F|  |TAMS 0x0000000087400000, 0x0000000087400000| Untracked 
|  81|0x0000000087500000, 0x0000000087500000, 0x0000000087600000|  0%| F|  |TAMS 0x0000000087500000, 0x0000000087500000| Untracked 
|  82|0x0000000087600000, 0x0000000087600000, 0x0000000087700000|  0%| F|  |TAMS 0x0000000087600000, 0x0000000087600000| Untracked 
|  83|0x0000000087700000, 0x0000000087700000, 0x0000000087800000|  0%| F|  |TAMS 0x0000000087700000, 0x0000000087700000| Untracked 
|  84|0x0000000087800000, 0x0000000087800000, 0x0000000087900000|  0%| F|  |TAMS 0x0000000087800000, 0x0000000087800000| Untracked 
|  85|0x0000000087900000, 0x0000000087900000, 0x0000000087a00000|  0%| F|  |TAMS 0x0000000087900000, 0x0000000087900000| Untracked 
|  86|0x0000000087a00000, 0x0000000087a00000, 0x0000000087b00000|  0%| F|  |TAMS 0x0000000087a00000, 0x0000000087a00000| Untracked 
|  87|0x0000000087b00000, 0x0000000087b00000, 0x0000000087c00000|  0%| F|  |TAMS 0x0000000087b00000, 0x0000000087b00000| Untracked 
|  88|0x0000000087c00000, 0x0000000087c00000, 0x0000000087d00000|  0%| F|  |TAMS 0x0000000087c00000, 0x0000000087c00000| Untracked 
|  89|0x0000000087d00000, 0x0000000087d00000, 0x0000000087e00000|  0%| F|  |TAMS 0x0000000087d00000, 0x0000000087d00000| Untracked 
|  90|0x0000000087e00000, 0x0000000087e00000, 0x0000000087f00000|  0%| F|  |TAMS 0x0000000087e00000, 0x0000000087e00000| Untracked 
|  91|0x0000000087f00000, 0x0000000087f00000, 0x0000000088000000|  0%| F|  |TAMS 0x0000000087f00000, 0x0000000087f00000| Untracked 
|  92|0x0000000088000000, 0x0000000088000000, 0x0000000088100000|  0%| F|  |TAMS 0x0000000088000000, 0x0000000088000000| Untracked 
|  93|0x0000000088100000, 0x0000000088100000, 0x0000000088200000|  0%| F|  |TAMS 0x0000000088100000, 0x0000000088100000| Untracked 
|  94|0x0000000088200000, 0x0000000088200000, 0x0000000088300000|  0%| F|  |TAMS 0x0000000088200000, 0x0000000088200000| Untracked 
|  95|0x0000000088300000, 0x0000000088300000, 0x0000000088400000|  0%| F|  |TAMS 0x0000000088300000, 0x0000000088300000| Untracked 
|  96|0x0000000088400000, 0x0000000088400000, 0x0000000088500000|  0%| F|  |TAMS 0x0000000088400000, 0x0000000088400000| Untracked 
|  97|0x0000000088500000, 0x0000000088500000, 0x0000000088600000|  0%| F|  |TAMS 0x0000000088500000, 0x0000000088500000| Untracked 
|  98|0x0000000088600000, 0x0000000088600000, 0x0000000088700000|  0%| F|  |TAMS 0x0000000088600000, 0x0000000088600000| Untracked 
|  99|0x0000000088700000, 0x0000000088700000, 0x0000000088800000|  0%| F|  |TAMS 0x0000000088700000, 0x0000000088700000| Untracked 
| 100|0x0000000088800000, 0x0000000088800000, 0x0000000088900000|  0%| F|  |TAMS 0x0000000088800000, 0x0000000088800000| Untracked 
| 101|0x0000000088900000, 0x0000000088900000, 0x0000000088a00000|  0%| F|  |TAMS 0x0000000088900000, 0x0000000088900000| Untracked 
| 102|0x0000000088a00000, 0x0000000088a00000, 0x0000000088b00000|  0%| F|  |TAMS 0x0000000088a00000, 0x0000000088a00000| Untracked 
| 103|0x0000000088b00000, 0x0000000088b00000, 0x0000000088c00000|  0%| F|  |TAMS 0x0000000088b00000, 0x0000000088b00000| Untracked 
| 104|0x0000000088c00000, 0x0000000088c00000, 0x0000000088d00000|  0%| F|  |TAMS 0x0000000088c00000, 0x0000000088c00000| Untracked 
| 105|0x0000000088d00000, 0x0000000088d00000, 0x0000000088e00000|  0%| F|  |TAMS 0x0000000088d00000, 0x0000000088d00000| Untracked 
| 106|0x0000000088e00000, 0x0000000088e00000, 0x0000000088f00000|  0%| F|  |TAMS 0x0000000088e00000, 0x0000000088e00000| Untracked 
| 107|0x0000000088f00000, 0x0000000088f00000, 0x0000000089000000|  0%| F|  |TAMS 0x0000000088f00000, 0x0000000088f00000| Untracked 
| 108|0x0000000089000000, 0x0000000089000000, 0x0000000089100000|  0%| F|  |TAMS 0x0000000089000000, 0x0000000089000000| Untracked 
| 109|0x0000000089100000, 0x0000000089100000, 0x0000000089200000|  0%| F|  |TAMS 0x0000000089100000, 0x0000000089100000| Untracked 
| 110|0x0000000089200000, 0x0000000089200000, 0x0000000089300000|  0%| F|  |TAMS 0x0000000089200000, 0x0000000089200000| Untracked 
| 111|0x0000000089300000, 0x0000000089300000, 0x0000000089400000|  0%| F|  |TAMS 0x0000000089300000, 0x0000000089300000| Untracked 
| 112|0x0000000089400000, 0x0000000089400000, 0x0000000089500000|  0%| F|  |TAMS 0x0000000089400000, 0x0000000089400000| Untracked 
| 113|0x0000000089500000, 0x0000000089500000, 0x0000000089600000|  0%| F|  |TAMS 0x0000000089500000, 0x0000000089500000| Untracked 
| 114|0x0000000089600000, 0x0000000089600000, 0x0000000089700000|  0%| F|  |TAMS 0x0000000089600000, 0x0000000089600000| Untracked 
| 115|0x0000000089700000, 0x0000000089700000, 0x0000000089800000|  0%| F|  |TAMS 0x0000000089700000, 0x0000000089700000| Untracked 
| 116|0x0000000089800000, 0x0000000089888020, 0x0000000089900000| 53%| E|  |TAMS 0x0000000089800000, 0x0000000089800000| Complete 
| 117|0x0000000089900000, 0x0000000089a00000, 0x0000000089a00000|100%| E|CS|TAMS 0x0000000089900000, 0x0000000089900000| Complete 
| 118|0x0000000089a00000, 0x0000000089b00000, 0x0000000089b00000|100%| E|CS|TAMS 0x0000000089a00000, 0x0000000089a00000| Complete 
| 119|0x0000000089b00000, 0x0000000089c00000, 0x0000000089c00000|100%| E|CS|TAMS 0x0000000089b00000, 0x0000000089b00000| Complete 
| 120|0x0000000089c00000, 0x0000000089d00000, 0x0000000089d00000|100%| E|CS|TAMS 0x0000000089c00000, 0x0000000089c00000| Complete 
| 121|0x0000000089d00000, 0x0000000089e00000, 0x0000000089e00000|100%| E|CS|TAMS 0x0000000089d00000, 0x0000000089d00000| Complete 
| 122|0x0000000089e00000, 0x0000000089f00000, 0x0000000089f00000|100%| E|CS|TAMS 0x0000000089e00000, 0x0000000089e00000| Complete 
| 123|0x0000000089f00000, 0x000000008a000000, 0x000000008a000000|100%| E|CS|TAMS 0x0000000089f00000, 0x0000000089f00000| Complete 
| 124|0x000000008a000000, 0x000000008a100000, 0x000000008a100000|100%| E|CS|TAMS 0x000000008a000000, 0x000000008a000000| Complete 
| 125|0x000000008a100000, 0x000000008a200000, 0x000000008a200000|100%| E|CS|TAMS 0x000000008a100000, 0x000000008a100000| Complete 

Card table byte_map: [0x000001dcf34f0000,0x000001dcf38e0000] _byte_map_base: 0x000001dcf30de000

Marking Bits (Prev, Next): (CMBitMap*) 0x000001dceb315d50, (CMBitMap*) 0x000001dceb315d90
 Prev Bits: [0x000001dcf3cd0000, 0x000001dcf5c40000)
 Next Bits: [0x000001dcf5c40000, 0x000001dcf7bb0000)

Polling page: 0x000001dce9090000

Metaspace:

Usage:
  Non-class:     12.79 MB capacity,    12.22 MB ( 96%) used,   564.48 KB (  4%) free+waste,    13.56 KB ( <1%) overhead. 
      Class:      1.65 MB capacity,     1.52 MB ( 92%) used,   134.96 KB (  8%) free+waste,     5.44 KB ( <1%) overhead. 
       Both:     14.44 MB capacity,    13.74 MB ( 95%) used,   699.45 KB (  5%) free+waste,    19.00 KB ( <1%) overhead. 

Virtual space:
  Non-class space:       14.00 MB reserved,      13.00 MB ( 93%) committed 
      Class space:        1.00 GB reserved,       1.75 MB ( <1%) committed 
             Both:        1.01 GB reserved,      14.75 MB (  1%) committed 

Chunk freelists:
   Non-Class:  24.00 KB
       Class:  2.00 KB
        Both:  26.00 KB

MaxMetaspaceSize: 17179869184.00 GB
CompressedClassSpaceSize: 1.00 GB

CodeHeap 'non-profiled nmethods': size=120064Kb used=1185Kb max_used=1185Kb free=118878Kb
 bounds [0x000001dc87ac0000, 0x000001dc87d30000, 0x000001dc8f000000]
CodeHeap 'profiled nmethods': size=120000Kb used=5776Kb max_used=5776Kb free=114223Kb
 bounds [0x000001dc80590000, 0x000001dc80b40000, 0x000001dc87ac0000]
CodeHeap 'non-nmethods': size=5696Kb used=1209Kb max_used=1230Kb free=4486Kb
 bounds [0x000001dc80000000, 0x000001dc80270000, 0x000001dc80590000]
 total_blobs=3483 nmethods=3009 adapters=386
 compilation: enabled
              stopped_count=0, restarted_count=0
 full_count=0

Compilation events (20 events):
Event: 4.561 Thread 0x000001dcf9f7e540 2973   !   3       org.apache.maven.model.RepositoryPolicy::clone (73 bytes)
Event: 4.562 Thread 0x000001dcf9f7e540 nmethod 2973 0x000001dc80b1d610 code [0x000001dc80b1d8c0, 0x000001dc80b1e518]
Event: 4.563 Thread 0x000001dcf9f7e540 2974       1       org.apache.maven.model.Activation::getProperty (5 bytes)
Event: 4.563 Thread 0x000001dcf9f7e540 nmethod 2974 0x000001dc87be6510 code [0x000001dc87be66a0, 0x000001dc87be6758]
Event: 4.563 Thread 0x000001dcf9f7e540 2975   !   3       org.apache.maven.model.Repository::clone (87 bytes)
Event: 4.564 Thread 0x000001dcf9f7e540 nmethod 2975 0x000001dc80b1ea10 code [0x000001dc80b1ecc0, 0x000001dc80b1f7e8]
Event: 4.571 Thread 0x000001dcf9f7e540 2976       3       org.eclipse.aether.artifact.AbstractArtifact::getProperty (24 bytes)
Event: 4.571 Thread 0x000001dcf9f7e540 nmethod 2976 0x000001dc80b1fd10 code [0x000001dc80b1fee0, 0x000001dc80b202d8]
Event: 4.583 Thread 0x000001dcf9f7e540 2977   !   3       java.util.concurrent.ConcurrentHashMap::tryPresize (193 bytes)
Event: 4.584 Thread 0x000001dcf9f7e540 nmethod 2977 0x000001dc80b20410 code [0x000001dc80b20620, 0x000001dc80b20ea8]
Event: 4.585 Thread 0x000001dcf9f7e540 2978       3       java.util.regex.Pattern$CharPredicate$$Lambda$19/0x0000000800b676f0::is (11 bytes)
Event: 4.585 Thread 0x000001dcf9f7e540 nmethod 2978 0x000001dc80b21110 code [0x000001dc80b212c0, 0x000001dc80b21488]
Event: 4.586 Thread 0x000001dcf9f7e540 2979       3       java.util.regex.Pattern$CharPredicate::lambda$negate$3 (16 bytes)
Event: 4.586 Thread 0x000001dcf9f7e540 nmethod 2979 0x000001dc80b21590 code [0x000001dc80b21740, 0x000001dc80b21968]
Event: 4.586 Thread 0x000001dcf9f7e540 2980       3       java.lang.AbstractStringBuilder::append (55 bytes)
Event: 4.587 Thread 0x000001dcf9f7e540 nmethod 2980 0x000001dc80b21a10 code [0x000001dc80b21be0, 0x000001dc80b21f18]
Event: 4.594 Thread 0x000001dcf9f7e540 2981       3       java.io.File::getName (42 bytes)
Event: 4.595 Thread 0x000001dcf9f7e540 nmethod 2981 0x000001dc80b22090 code [0x000001dc80b222e0, 0x000001dc80b22af8]
Event: 4.602 Thread 0x000001dcf9f7e540 2983       1       org.apache.maven.model.building.DefaultModelBuildingRequest::getModelResolver (5 bytes)
Event: 4.603 Thread 0x000001dcf9f7e540 nmethod 2983 0x000001dc87be6810 code [0x000001dc87be69a0, 0x000001dc87be6a58]

GC Heap History (8 events):
Event: 0.762 GC heap before
{Heap before GC invocations=0 (full 0):
 garbage-first heap   total 129024K, used 6144K [0x0000000082400000, 0x0000000100000000)
  region size 1024K, 6 young (6144K), 0 survivors (0K)
 Metaspace       used 2261K, capacity 5055K, committed 5120K, reserved 1056768K
  class space    used 213K, capacity 473K, committed 512K, reserved 1048576K
}
Event: 0.770 GC heap after
{Heap after GC invocations=1 (full 0):
 garbage-first heap   total 129024K, used 2268K [0x0000000082400000, 0x0000000100000000)
  region size 1024K, 1 young (1024K), 1 survivors (1024K)
 Metaspace       used 2261K, capacity 5055K, committed 5120K, reserved 1056768K
  class space    used 213K, capacity 473K, committed 512K, reserved 1048576K
}
Event: 1.080 GC heap before
{Heap before GC invocations=1 (full 0):
 garbage-first heap   total 129024K, used 7388K [0x0000000082400000, 0x0000000100000000)
  region size 1024K, 6 young (6144K), 1 survivors (1024K)
 Metaspace       used 3789K, capacity 5929K, committed 6016K, reserved 1056768K
  class space    used 365K, capacity 571K, committed 640K, reserved 1048576K
}
Event: 1.084 GC heap after
{Heap after GC invocations=2 (full 0):
 garbage-first heap   total 129024K, used 3499K [0x0000000082400000, 0x0000000100000000)
  region size 1024K, 1 young (1024K), 1 survivors (1024K)
 Metaspace       used 3789K, capacity 5929K, committed 6016K, reserved 1056768K
  class space    used 365K, capacity 571K, committed 640K, reserved 1048576K
}
Event: 1.483 GC heap before
{Heap before GC invocations=2 (full 0):
 garbage-first heap   total 129024K, used 12715K [0x0000000082400000, 0x0000000100000000)
  region size 1024K, 10 young (10240K), 1 survivors (1024K)
 Metaspace       used 6098K, capacity 7666K, committed 7808K, reserved 1056768K
  class space    used 673K, capacity 830K, committed 896K, reserved 1048576K
}
Event: 1.486 GC heap after
{Heap after GC invocations=3 (full 0):
 garbage-first heap   total 129024K, used 4110K [0x0000000082400000, 0x0000000100000000)
  region size 1024K, 2 young (2048K), 2 survivors (2048K)
 Metaspace       used 6098K, capacity 7666K, committed 7808K, reserved 1056768K
  class space    used 673K, capacity 830K, committed 896K, reserved 1048576K
}
Event: 4.254 GC heap before
{Heap before GC invocations=3 (full 0):
 garbage-first heap   total 129024K, used 62478K [0x0000000082400000, 0x0000000100000000)
  region size 1024K, 59 young (60416K), 2 survivors (2048K)
 Metaspace       used 13906K, capacity 14662K, committed 14848K, reserved 1062912K
  class space    used 1552K, capacity 1694K, committed 1792K, reserved 1048576K
}
Event: 4.267 GC heap after
{Heap after GC invocations=4 (full 0):
 garbage-first heap   total 129024K, used 7513K [0x0000000082400000, 0x0000000100000000)
  region size 1024K, 5 young (5120K), 5 survivors (5120K)
 Metaspace       used 13906K, capacity 14662K, committed 14848K, reserved 1062912K
  class space    used 1552K, capacity 1694K, committed 1792K, reserved 1048576K
}

Deoptimization events (20 events):
Event: 4.582 Thread 0x000001dceb2d8760 Uncommon trap: trap_request=0xffffff45 fr.pc=0x000001dc87b86a54 relative=0x0000000000000294
Event: 4.582 Thread 0x000001dceb2d8760 Uncommon trap: reason=unstable_if action=reinterpret pc=0x000001dc87b86a54 method=java.util.regex.Pattern$BmpCharPredicate.lambda$union$2(Ljava/util/regex/Pattern$CharPredicate;I)Z @ 17 c2
Event: 4.582 Thread 0x000001dceb2d8760 DEOPT PACKING pc=0x000001dc87b86a54 sp=0x000000db22cfc9d0
Event: 4.582 Thread 0x000001dceb2d8760 DEOPT UNPACKING pc=0x000001dc8004e129 sp=0x000000db22cfc830 mode 2
Event: 4.583 Thread 0x000001dceb2d8760 Uncommon trap: trap_request=0xffffff45 fr.pc=0x000001dc87b872f0 relative=0x0000000000000230
Event: 4.583 Thread 0x000001dceb2d8760 Uncommon trap: reason=unstable_if action=reinterpret pc=0x000001dc87b872f0 method=java.util.regex.Pattern$BmpCharPredicate.lambda$union$2(Ljava/util/regex/Pattern$CharPredicate;I)Z @ 17 c2
Event: 4.583 Thread 0x000001dceb2d8760 DEOPT PACKING pc=0x000001dc87b872f0 sp=0x000000db22cfc970
Event: 4.583 Thread 0x000001dceb2d8760 DEOPT UNPACKING pc=0x000001dc8004e129 sp=0x000000db22cfc838 mode 2
Event: 4.583 Thread 0x000001dceb2d8760 Uncommon trap: trap_request=0xffffffde fr.pc=0x000001dc87be03a4 relative=0x0000000000000264
Event: 4.583 Thread 0x000001dceb2d8760 Uncommon trap: reason=class_check action=maybe_recompile pc=0x000001dc87be03a4 method=java.util.regex.Pattern$Start.match(Ljava/util/regex/Matcher;ILjava/lang/CharSequence;)Z @ 44 c2
Event: 4.583 Thread 0x000001dceb2d8760 DEOPT PACKING pc=0x000001dc87be03a4 sp=0x000000db22cfcaa0
Event: 4.583 Thread 0x000001dceb2d8760 DEOPT UNPACKING pc=0x000001dc8004e129 sp=0x000000db22cfca50 mode 2
Event: 4.583 Thread 0x000001dceb2d8760 Uncommon trap: trap_request=0xffffff45 fr.pc=0x000001dc87bcd148 relative=0x0000000000000128
Event: 4.583 Thread 0x000001dceb2d8760 Uncommon trap: reason=unstable_if action=reinterpret pc=0x000001dc87bcd148 method=java.util.regex.Pattern$BmpCharPredicate.lambda$union$2(Ljava/util/regex/Pattern$CharPredicate;I)Z @ 17 c2
Event: 4.583 Thread 0x000001dceb2d8760 DEOPT PACKING pc=0x000001dc87bcd148 sp=0x000000db22cfc900
Event: 4.583 Thread 0x000001dceb2d8760 DEOPT UNPACKING pc=0x000001dc8004e129 sp=0x000000db22cfc830 mode 2
Event: 4.583 Thread 0x000001dceb2d8760 Uncommon trap: trap_request=0xffffff45 fr.pc=0x000001dc87bcd5e4 relative=0x00000000000000c4
Event: 4.583 Thread 0x000001dceb2d8760 Uncommon trap: reason=unstable_if action=reinterpret pc=0x000001dc87bcd5e4 method=java.util.regex.Pattern$BmpCharPredicate.lambda$union$2(Ljava/util/regex/Pattern$CharPredicate;I)Z @ 17 c2
Event: 4.583 Thread 0x000001dceb2d8760 DEOPT PACKING pc=0x000001dc87bcd5e4 sp=0x000000db22cfc890
Event: 4.583 Thread 0x000001dceb2d8760 DEOPT UNPACKING pc=0x000001dc8004e129 sp=0x000000db22cfc830 mode 2

Classes unloaded (0 events):
No events

Classes redefined (0 events):
No events

Internal exceptions (11 events):
Event: 0.344 Thread 0x000001dcfa9a2a00 Exception <a 'java/lang/NoSuchMethodError'{0x0000000089f016d0}: 'java.lang.Object java.lang.invoke.DirectMethodHandle$Holder.invokeStatic(java.lang.Object)'> (0x0000000089f016d0) 
thrown [./open/src/hotspot/share/interpreter/linkResolver.cpp, line 782]
Event: 0.346 Thread 0x000001dcfa9a2a00 Exception <a 'java/lang/NoSuchMethodError'{0x0000000089f04fe0}: 'java.lang.Object java.lang.invoke.DirectMethodHandle$Holder.invokeStaticInit(java.lang.Object)'> (0x0000000089f04fe0) 
thrown [./open/src/hotspot/share/interpreter/linkResolver.cpp, line 782]
Event: 0.357 Thread 0x000001dcfa9a2a00 Exception <a 'java/lang/NoSuchMethodError'{0x0000000089f123b8}: 'void java.lang.invoke.DirectMethodHandle$Holder.invokeStatic(java.lang.Object, java.lang.Object)'> (0x0000000089f123b8) 
thrown [./open/src/hotspot/share/interpreter/linkResolver.cpp, line 782]
Event: 0.595 Thread 0x000001dceb2d8760 Exception <a 'java/lang/NoSuchMethodError'{0x0000000089d87d70}: 'void java.lang.invoke.DirectMethodHandle$Holder.invokeStaticInit(java.lang.Object, java.lang.Object)'> (0x0000000089d87d70) 
thrown [./open/src/hotspot/share/interpreter/linkResolver.cpp, line 782]
Event: 0.624 Thread 0x000001dceb2d8760 Exception <a 'java/lang/NoSuchMethodError'{0x0000000089db5488}: 'java.lang.Object java.lang.invoke.DirectMethodHandle$Holder.invokeStaticInit(java.lang.Object, int, int, int, int)'> (0x0000000089db5488) 
thrown [./open/src/hotspot/share/interpreter/linkResolver.cpp, line 782]
Event: 0.715 Thread 0x000001dceb2d8760 Exception <a 'java/lang/NoSuchMethodError'{0x0000000089c5dfb8}: 'java.lang.Object java.lang.invoke.DirectMethodHandle$Holder.invokeStaticInit(java.lang.Object, java.lang.Object, int, int, int, int)'> (0x0000000089c5dfb8) 
thrown [./open/src/hotspot/share/interpreter/linkResolver.cpp, line 782]
Event: 1.165 Thread 0x000001dceb2d8760 Exception <a 'java/lang/NoSuchMethodError'{0x000000008a1c72d0}: 'void java.lang.invoke.DirectMethodHandle$Holder.invokeSpecial(java.lang.Object, java.lang.Object, java.lang.Object)'> (0x000000008a1c72d0) 
thrown [./open/src/hotspot/share/interpreter/linkResolver.cpp, line 782]
Event: 1.357 Thread 0x000001dceb2d8760 Exception <a 'java/lang/NoSuchMethodError'{0x0000000089bef7e0}: 'java.lang.Object java.lang.invoke.DirectMethodHandle$Holder.newInvokeSpecial(java.lang.Object, java.lang.Object, java.lang.Object, java.lang.Object, java.lang.Object)'> (0x0000000089bef7e0) 
thrown [./open/src/hotspot/share/interpreter/linkResolver.cpp, line 782]
Event: 2.706 Thread 0x000001dceb2d8760 Exception <a 'java/lang/NoClassDefFoundError'{0x0000000087b42ee0}: com/google/inject/servlet/ServletModuleTargetVisitor> (0x0000000087b42ee0) 
thrown [./open/src/hotspot/share/classfile/systemDictionary.cpp, line 284]
Event: 2.706 Thread 0x000001dceb2d8760 Exception <a 'java/lang/NoClassDefFoundError'{0x0000000087b44a08}: javax/annotation/Priority> (0x0000000087b44a08) 
thrown [./open/src/hotspot/share/classfile/systemDictionary.cpp, line 284]
Event: 3.045 Thread 0x000001dceb2d8760 Implicit null exception at 0x000001dc87ae88f4 to 0x000001dc87ae8e48

Events (20 events):
Event: 3.212 Executing VM operation: ICBufferFull
Event: 3.212 Executing VM operation: ICBufferFull done
Event: 3.212 Executing VM operation: HandshakeAllThreads
Event: 3.212 Executing VM operation: HandshakeAllThreads done
Event: 3.273 loading class java/util/LinkedList$ListItr
Event: 3.273 loading class java/util/LinkedList$ListItr done
Event: 3.365 loading class java/util/TreeMap$Values
Event: 3.365 loading class java/util/TreeMap$Values done
Event: 3.366 loading class java/util/TreeMap$ValueIterator
Event: 3.366 loading class java/util/TreeMap$ValueIterator done
Event: 3.611 Executing VM operation: ICBufferFull
Event: 3.611 Executing VM operation: ICBufferFull done
Event: 3.817 Executing VM operation: ICBufferFull
Event: 3.817 Executing VM operation: ICBufferFull done
Event: 3.951 Executing VM operation: ICBufferFull
Event: 3.951 Executing VM operation: ICBufferFull done
Event: 4.112 Executing VM operation: ICBufferFull
Event: 4.112 Executing VM operation: ICBufferFull done
Event: 4.254 Executing VM operation: G1CollectForAllocation
Event: 4.267 Executing VM operation: G1CollectForAllocation done


Dynamic libraries:
0x00007ff7f52d0000 - 0x00007ff7f52dd000 	C:\Program Files\Java\jdk-15.0.1\bin\java.exe
0x00007ff8d3970000 - 0x00007ff8d3b5d000 	C:\Windows\SYSTEM32\ntdll.dll
0x00007ff8d3690000 - 0x00007ff8d3743000 	C:\Windows\System32\KERNEL32.DLL
0x00007ff8cfd60000 - 0x00007ff8cfff3000 	C:\Windows\System32\KERNELBASE.dll
0x00007ff8cfc10000 - 0x00007ff8cfd0a000 	C:\Windows\System32\ucrtbase.dll
0x00007ff8c93f0000 - 0x00007ff8c9409000 	C:\Program Files\Java\jdk-15.0.1\bin\VCRUNTIME140.dll
0x00007ff8cc190000 - 0x00007ff8cc1a8000 	C:\Program Files\Java\jdk-15.0.1\bin\jli.dll
0x00007ff8d17e0000 - 0x00007ff8d1977000 	C:\Windows\System32\USER32.dll
0x00007ff8d0000000 - 0x00007ff8d0020000 	C:\Windows\System32\win32u.dll
0x00007ff8c49c0000 - 0x00007ff8c4c39000 	C:\Windows\WinSxS\amd64_microsoft.windows.common-controls_6595b64144ccf1df_6.0.17763.914_none_05b346b2072102f2\COMCTL32.dll
0x00007ff8d31b0000 - 0x00007ff8d31d9000 	C:\Windows\System32\GDI32.dll
0x00007ff8d15c0000 - 0x00007ff8d165e000 	C:\Windows\System32\msvcrt.dll
0x00007ff8d0970000 - 0x00007ff8d0b09000 	C:\Windows\System32\gdi32full.dll
0x00007ff8d1980000 - 0x00007ff8d1cac000 	C:\Windows\System32\combase.dll
0x00007ff8d0040000 - 0x00007ff8d00e0000 	C:\Windows\System32\msvcp_win.dll
0x00007ff8d3210000 - 0x00007ff8d3332000 	C:\Windows\System32\RPCRT4.dll
0x00007ff8d0b10000 - 0x00007ff8d0b8e000 	C:\Windows\System32\bcryptPrimitives.dll
0x00007ff8d31e0000 - 0x00007ff8d320e000 	C:\Windows\System32\IMM32.DLL
0x00007ff8cc170000 - 0x00007ff8cc17c000 	C:\Program Files\Java\jdk-15.0.1\bin\vcruntime140_1.dll
0x00007ff8c04e0000 - 0x00007ff8c0571000 	C:\Program Files\Java\jdk-15.0.1\bin\msvcp140.dll
0x00007ff8b3ad0000 - 0x00007ff8b462e000 	C:\Program Files\Java\jdk-15.0.1\bin\server\jvm.dll
0x00007ff8d0d70000 - 0x00007ff8d0e13000 	C:\Windows\System32\ADVAPI32.dll
0x00007ff8d0bf0000 - 0x00007ff8d0c8e000 	C:\Windows\System32\sechost.dll
0x00007ff8d1660000 - 0x00007ff8d1668000 	C:\Windows\System32\PSAPI.DLL
0x00007ff8ac360000 - 0x00007ff8ac369000 	C:\Windows\SYSTEM32\WSOCK32.dll
0x00007ff8cd8f0000 - 0x00007ff8cd914000 	C:\Windows\SYSTEM32\WINMM.dll
0x00007ff8d3770000 - 0x00007ff8d37dd000 	C:\Windows\System32\WS2_32.dll
0x00007ff8c6ff0000 - 0x00007ff8c6ffa000 	C:\Windows\SYSTEM32\VERSION.dll
0x00007ff8cd8c0000 - 0x00007ff8cd8ed000 	C:\Windows\SYSTEM32\WINMMBASE.dll
0x00007ff8cfd10000 - 0x00007ff8cfd5a000 	C:\Windows\System32\cfgmgr32.dll
0x00007ff8cf9f0000 - 0x00007ff8cfa01000 	C:\Windows\System32\kernel.appcore.dll
0x00007ff8c93e0000 - 0x00007ff8c93ea000 	C:\Program Files\Java\jdk-15.0.1\bin\jimage.dll
0x00007ff8c6d80000 - 0x00007ff8c6f6d000 	C:\Windows\SYSTEM32\DBGHELP.DLL
0x00007ff8c6d50000 - 0x00007ff8c6d7a000 	C:\Windows\SYSTEM32\dbgcore.DLL
0x00007ff8c0200000 - 0x00007ff8c020e000 	C:\Program Files\Java\jdk-15.0.1\bin\instrument.dll
0x00007ff8c06f0000 - 0x00007ff8c0715000 	C:\Program Files\Java\jdk-15.0.1\bin\java.dll
0x00007ff8d1cb0000 - 0x00007ff8d31a4000 	C:\Windows\System32\SHELL32.dll
0x00007ff8d16d0000 - 0x00007ff8d1778000 	C:\Windows\System32\shcore.dll
0x00007ff8d01c0000 - 0x00007ff8d090d000 	C:\Windows\System32\windows.storage.dll
0x00007ff8cf960000 - 0x00007ff8cf984000 	C:\Windows\System32\profapi.dll
0x00007ff8cf990000 - 0x00007ff8cf9ed000 	C:\Windows\System32\powrprof.dll
0x00007ff8d0d10000 - 0x00007ff8d0d62000 	C:\Windows\System32\shlwapi.dll
0x00007ff8d0020000 - 0x00007ff8d0037000 	C:\Windows\System32\cryptsp.dll
0x00007ff8c0620000 - 0x00007ff8c0638000 	C:\Program Files\Java\jdk-15.0.1\bin\zip.dll
0x00007ff8c0790000 - 0x00007ff8c07a9000 	C:\Program Files\Java\jdk-15.0.1\bin\net.dll
0x00007ff8c4c40000 - 0x00007ff8c4d32000 	C:\Windows\SYSTEM32\WINHTTP.dll
0x00007ff8cf1d0000 - 0x00007ff8cf237000 	C:\Windows\system32\mswsock.dll
0x00007ff8c0640000 - 0x00007ff8c0652000 	C:\Program Files\Java\jdk-15.0.1\bin\nio.dll
0x00007ff8c01e0000 - 0x00007ff8c01fa000 	C:\Program Files\JetBrains\IntelliJ IDEA 2020.2.3\bin\breakgen64.dll
0x00007ff8c0610000 - 0x00007ff8c0620000 	C:\Program Files\Java\jdk-15.0.1\bin\verify.dll
0x00007ff8ced50000 - 0x00007ff8ced83000 	C:\Windows\system32\rsaenh.dll
0x00007ff8d00e0000 - 0x00007ff8d0106000 	C:\Windows\System32\bcrypt.dll
0x00007ff8cf860000 - 0x00007ff8cf888000 	C:\Windows\SYSTEM32\USERENV.dll
0x00007ff8cf3a0000 - 0x00007ff8cf3ac000 	C:\Windows\SYSTEM32\CRYPTBASE.dll
0x00007ff8ceef0000 - 0x00007ff8cef2d000 	C:\Windows\SYSTEM32\IPHLPAPI.DLL
0x00007ff8d33f0000 - 0x00007ff8d33f8000 	C:\Windows\System32\NSI.dll
0x00007ff8c1780000 - 0x00007ff8c1796000 	C:\Windows\SYSTEM32\dhcpcsvc6.DLL
0x00007ff8c1760000 - 0x00007ff8c177c000 	C:\Windows\SYSTEM32\dhcpcsvc.DLL
0x00007ff8cef40000 - 0x00007ff8cf006000 	C:\Windows\SYSTEM32\DNSAPI.dll
0x00007ff8c0060000 - 0x00007ff8c006a000 	C:\tmp\jansi-1.17.1-14795671846732509118.dll
0x00007ff8bff20000 - 0x00007ff8bff2a000 	C:\tmp\jansi-1.17.1-165628681636271057.dll

dbghelp: loaded successfully - version: 4.0.5 - missing functions: none
symbol engine: initialized successfully - sym options: 0x614 - pdb path: .;C:\Program Files\Java\jdk-15.0.1\bin;C:\Windows\SYSTEM32;C:\Windows\WinSxS\amd64_microsoft.windows.common-controls_6595b64144ccf1df_6.0.17763.914_none_05b346b2072102f2;C:\Program Files\Java\jdk-15.0.1\bin\server;C:\Program Files\JetBrains\IntelliJ IDEA 2020.2.3\bin;C:\tmp

VM Arguments:
jvm_args: -Dmaven.multiModuleProjectDirectory=D:\java\InternShip\topjava -Dmaven.home=C:\Program Files\JetBrains\IntelliJ IDEA 2020.2.3\plugins\maven\lib\maven3 -Dclassworlds.conf=C:\Program Files\JetBrains\IntelliJ IDEA 2020.2.3\plugins\maven\lib\maven3\bin\m2.conf -Dmaven.ext.class.path=C:\Program Files\JetBrains\IntelliJ IDEA 2020.2.3\plugins\maven\lib\maven-event-listener.jar -javaagent:C:\Program Files\JetBrains\IntelliJ IDEA 2020.2.3\lib\idea_rt.jar=57988:C:\Program Files\JetBrains\IntelliJ IDEA 2020.2.3\bin -Dfile.encoding=UTF-8 
java_command: org.codehaus.classworlds.Launcher -Didea.version=2020.2.3 test -P postgres
java_class_path (initial): C:\Program Files\JetBrains\IntelliJ IDEA 2020.2.3\plugins\maven\lib\maven3\boot\plexus-classworlds-2.6.0.jar;C:\Program Files\JetBrains\IntelliJ IDEA 2020.2.3\plugins\maven\lib\maven3\boot\plexus-classworlds.license
Launcher Type: SUN_STANDARD

[Global flags]
     intx CICompilerCount                          = 2                                         {product} {ergonomic}
     uint ConcGCThreads                            = 1                                         {product} {ergonomic}
     uint G1ConcRefinementThreads                  = 2                                         {product} {ergonomic}
   size_t G1HeapRegionSize                         = 1048576                                   {product} {ergonomic}
    uintx GCDrainStackTargetSize                   = 64                                        {product} {ergonomic}
   size_t InitialHeapSize                          = 132120576                                 {product} {ergonomic}
   size_t MarkStackSize                            = 4194304                                   {product} {ergonomic}
   size_t MaxHeapSize                              = 2109734912                                {product} {ergonomic}
   size_t MaxNewSize                               = 1265631232                                {product} {ergonomic}
   size_t MinHeapDeltaBytes                        = 1048576                                   {product} {ergonomic}
   size_t MinHeapSize                              = 8388608                                   {product} {ergonomic}
    uintx NonNMethodCodeHeapSize                   = 5826188                                {pd product} {ergonomic}
    uintx NonProfiledCodeHeapSize                  = 122916026                              {pd product} {ergonomic}
    uintx ProfiledCodeHeapSize                     = 122916026                              {pd product} {ergonomic}
    uintx ReservedCodeCacheSize                    = 251658240                              {pd product} {ergonomic}
     bool SegmentedCodeCache                       = true                                      {product} {ergonomic}
   size_t SoftMaxHeapSize                          = 2109734912                             {manageable} {ergonomic}
     bool UseCompressedClassPointers               = true                                 {lp64_product} {ergonomic}
     bool UseCompressedOops                        = true                                 {lp64_product} {ergonomic}
     bool UseG1GC                                  = true                                      {product} {ergonomic}
     bool UseLargePagesIndividualAllocation        = false                                  {pd product} {ergonomic}

Logging:
Log output configuration:
 #0: stdout all=warning uptime,level,tags
 #1: stderr all=off uptime,level,tags

Environment Variables:
JAVA_HOME=C:\Program Files\Java\jdk-15.0.1
CLASSPATH=.;
PATH=C:\Windows\system32;C:\Windows;C:\Windows\System32\Wbem;C:\Windows\System32\WindowsPowerShell\v1.0\;C:\Windows\System32\OpenSSH\;C:\Program Files (x86)\NVIDIA Corporation\PhysX\Common;C:\Program Files\NVIDIA Corporation\NVIDIA NvDLISR;C:\Program Files\Git\cmd;C:\Program Files\Java\jdk-15.0.1\bin;C:\Users\Alexander\AppData\Local\Microsoft\WindowsApps;C:\Users\Alexander\AppData\Local\GitHubDesktop\bin;C:\Program Files\JetBrains\IntelliJ IDEA 2020.1\bin;;D:\java\InternShip\topjava;
USERNAME=Alexander
OS=Windows_NT
PROCESSOR_IDENTIFIER=Intel64 Family 6 Model 58 Stepping 9, GenuineIntel



---------------  S Y S T E M  ---------------

OS:
 Windows 10 , 64 bit Build 17763 (10.0.17763.475)
OS uptime: 3 days 0:26 hours

CPU: total 2 (initial active 2) (2 cores per cpu, 1 threads per core) family 6 model 58 stepping 9 microcode 0x1f, cmov, cx8, fxsr, mmx, sse, sse2, sse3, ssse3, sse4.1, sse4.2, popcnt, clmul, erms, tsc, tscinvbit, tscinv, clflush

Memory: 4k page, system-wide physical 8047M (1113M free)
TotalPageFile size 11047M (AvailPageFile size 5M)
current process WorkingSet (physical memory assigned to process): 136M, peak: 136M
current process commit charge ("private bytes"): 230M, peak: 231M

vm_info: OpenJDK 64-Bit Server VM (15.0.1+9-18) for windows-amd64 JRE (15.0.1+9-18), built on Sep 15 2020 14:39:31 by "mach5one" with unknown MS VC++:1925

END.
